<?xml version="1.0" encoding="utf-8"?><testsuites><testsuite name="pytest" errors="0" failures="0" skipped="0" tests="30" time="555.420" timestamp="2026-05-07T17:36:49.610775" hostname="RAKESHGAMIDI"><testcase classname="tests.test_notes_api.TestNotesAPI" name="test_api_health_check" time="2.649" /><testcase classname="tests.test_notes_api.TestNotesAPI" name="test_get_all_notes" time="3.580" /><testcase classname="tests.test_notes_api.TestNotesAPI" name="test_get_notes_returns_list" time="3.207" /><testcase classname="tests.test_login.TestLogin" name="test_valid_login" time="18.425" /><testcase classname="tests.test_notes_api.TestNotesAPI" name="test_create_note_api" time="3.414" /><testcase classname="tests.test_notes_api.TestNotesAPI" name="test_get_note_by_id" time="4.444" /><testcase classname="tests.test_notes_api.TestNotesAPI" name="test_delete_note_api" time="2.660" /><testcase classname="tests.test_notes_api.TestNotesAPI" name="test_update_note_api" time="3.227" /><testcase classname="tests.test_notes_api.TestNotesAPI" name="test_get_notes_response_time" time="3.991" /><testcase classname="tests.test_login.TestLogin" name="test_login_redirects_to_notes" time="20.285" /><testcase classname="tests.test_notes_api.TestNotesAPI" name="test_create_note_response_time" time="4.009" /><testcase classname="tests.test_notes_api.TestNotesAPI" name="test_get_notes_without_auth" time="3.038" /><testcase classname="tests.test_notes_api.TestNotesAPI" name="test_delete_nonexistent_note" time="3.537" /><testcase classname="tests.test_notes_api.TestNotesAPI" name="test_note_response_schema" time="3.531" /><testcase classname="tests.test_login.TestLogin" name="test_invalid_email" time="73.560" /><testcase classname="tests.test_notes_ui.TestNotesUI" name="test_create_note_home_category" time="40.351" /><testcase classname="tests.test_notes_ui.TestNotesUI" name="test_create_note_work_category" time="28.065" /><testcase classname="tests.test_login.TestLogin" name="test_invalid_password" time="30.421" /><testcase classname="tests.test_notes_ui.TestNotesUI" name="test_create_note_personal_category" time="25.679" /><testcase classname="tests.test_login.TestLogin" name="test_empty_email" time="23.018" /><testcase classname="tests.test_notes_ui.TestNotesUI" name="test_note_appears_instantly_after_creation" time="31.511" /><testcase classname="tests.test_login.TestLogin" name="test_empty_password" time="32.506" /><testcase classname="tests.test_notes_ui.TestNotesUI" name="test_multiple_notes_creation" time="33.508" /><testcase classname="tests.test_login.TestLogin" name="test_both_fields_empty" time="31.361" /><testcase classname="tests.test_notes_ui.TestNotesUI" name="test_delete_note_via_ui" time="51.103" /><testcase classname="tests.test_login.TestLogin" name="test_login_page_elements_displayed" time="10.617" /><testcase classname="tests.test_e2e.TestE2E" name="test_ui_create_api_verify" time="44.889" /><testcase classname="tests.test_e2e.TestE2E" name="test_api_delete_ui_verify" time="79.372" /><testcase classname="tests.test_e2e.TestE2E" name="test_full_crud_hybrid" time="92.664" /><testcase classname="tests.test_e2e.TestE2E" name="test_ui_page_load_performance" time="33.070" /></testsuite></testsuites>